<?xml version='1.0' encoding='UTF-8'?>
<testsuite hostname="kitten" name="de.cfaed.sigi.TypeOpsSpec" tests="1" errors="0" failures="0" skipped="0" time="0.006" timestamp="2023-03-25T20:54:01">
          <properties>
[...]
</properties>
          <testcase classname="de.cfaed.sigi.TypeOpsSpec" name="'b, 'a -&gt; 'a should canonicalize to 'a, 'b -&gt; 'b" time="0.006">
                      
                    </testcase>
          <system-out><![CDATA[]]></system-out>
          <system-err><![CDATA[]]></system-err>
        </testsuite>